Arguments: 
  /usr/local/bin/node /usr/local/bin/yarn

PATH: 
  /usr/local/opt/gnu-sed/libexec/gnubin:/usr/local/bin:/usr/bin:/bin:/usr/sbin:/sbin:/usr/local/go/bin:/usr/local/opt/gnu-sed/libexec/gnubin:/Users/mscholten/Library/Android/sdk/tools:/Users/mscholten/Library/Android/sdk/platform-tools:/Users/mscholten/Library/Android/sdk/tools:/Users/mscholten/Library/Android/sdk/platform-tools

Yarn version: 
  1.10.1

Node version: 
  14.10.1

Platform: 
  darwin x64

Trace: 
  Error: EACCES: permission denied, unlink '/Users/mscholten/Sites/vivarium-webapp/node_modules/parse-ms/index.d.ts'

npm manifest: 
  {
    "name": "vivarium-webapp",
    "version": "1.0.0",
    "private": true,
    "scripts": {
      "dev": "nuxt",
      "build": "nuxt build",
      "start": "nuxt start",
      "generate": "nuxt generate",
      "lint": "eslint --ext .js,.vue .",
      "lintfix": "eslint --fix --ext .js,.vue ."
    },
    "dependencies": {
      "@nuxtjs/axios": "^5.12.0",
      "@nuxtjs/pwa": "^3.0.0-beta.20",
      "apexcharts": "3.20.0",
      "cors": "^2.8.5",
      "deepmerge": "^4.2.2",
      "element-ui": "^2.13.2",
      "express-ws": "^4.0.0",
      "fs": "^0.0.1-security",
      "moment": "^2.27.0",
      "moment-timezone": "^0.5.31",
      "nuxt": "^2.14.0",
      "pretty-ms": "^7.0.0",
      "vis-data": "^7.0.0",
      "vis-timeline": "^7.3.7",
      "vue-apexcharts": "1.6.0",
      "vue-native-websocket": "^2.0.14",
      "ws": "^7.3.1"
    },
    "devDependencies": {
      "@nuxtjs/eslint-config": "^3.1.0",
      "@nuxtjs/eslint-module": "^2.0.0",
      "babel-eslint": "^10.1.0",
      "eslint": "^7.5.0",
      "eslint-config-prettier": "^6.11.0",
      "eslint-plugin-nuxt": "^1.0.0",
      "eslint-plugin-prettier": "^3.1.4",
      "prettier": "^2.0.5"
    }
  }

yarn manifest: 
  No manifest

Lockfile: 
  No lockfile
